2021-05-03 17:32:57,523:INFO:PyCaret Supervised Module
2021-05-03 17:32:57,524:INFO:ML Usecase: anomaly
2021-05-03 17:32:57,525:INFO:version 2.3.1
2021-05-03 17:32:57,525:INFO:Initializing setup()
2021-05-03 17:32:57,526:INFO:setup(target=None, ml_usecase=anomaly, available_plots={'tsne': 'Anomaly TSnE (3d)', 'umap': 'UMAP Dimensionality'}, train_size=0.7, test_data=None, preprocess=True, imputation_type=simple, iterative_imputation_iters=5, categorical_features=None, categorical_imputation=mode, categorical_iterative_imputer=lightgbm, ordinal_features=None, high_cardinality_features=None, high_cardinality_method=frequency, numeric_features=None, numeric_imputation=mean, numeric_iterative_imputer=lightgbm, date_features=None, ignore_features=['MouseID'], normalize=True, normalize_method=zscore, transformation=False, transformation_method=yeo-johnson, handle_unknown_categorical=True, unknown_categorical_method=least_frequent, pca=False, pca_method=linear, pca_components=None, ignore_low_variance=False, combine_rare_levels=False, rare_level_threshold=0.1, bin_numeric_features=None, remove_outliers=False, outliers_threshold=0.05, remove_multicollinearity=False, multicollinearity_threshold=0.9, remove_perfect_collinearity=False, create_clusters=False, cluster_iter=20, polynomial_features=False, polynomial_degree=2, trigonometry_features=False, polynomial_threshold=0.1, group_features=None, group_names=None, feature_selection=False, feature_selection_threshold=0.8, feature_selection_method=classic, feature_interaction=False, feature_ratio=False, interaction_threshold=0.01, fix_imbalance=False, fix_imbalance_method=None, transform_target=False, transform_target_method=box-cox, data_split_shuffle=False, data_split_stratify=False, fold_strategy=kfold, fold=10, fold_shuffle=False, fold_groups=None, n_jobs=-1, use_gpu=False, custom_pipeline=None, html=True, session_id=123, log_experiment=False, experiment_name=None, log_plots=False, log_profile=False, log_data=False, silent=False, verbose=True, profile=False, profile_kwargs=None, display=None)
2021-05-03 17:32:57,527:INFO:Checking environment
2021-05-03 17:32:57,528:INFO:python_version: 3.8.5
2021-05-03 17:32:57,528:INFO:python_build: ('default', 'Sep  3 2020 21:29:08')
2021-05-03 17:32:57,528:INFO:machine: AMD64
2021-05-03 17:32:57,529:INFO:platform: Windows-10-10.0.19041-SP0
2021-05-03 17:32:57,529:INFO:Memory: svmem(total=17014743040, available=8071356416, percent=52.6, used=8943386624, free=8071356416)
2021-05-03 17:32:57,530:INFO:Physical Core: 4
2021-05-03 17:32:57,530:INFO:Logical Core: 8
2021-05-03 17:32:57,530:INFO:Checking libraries
2021-05-03 17:32:57,531:INFO:pd==1.1.3
2021-05-03 17:32:57,531:INFO:numpy==1.19.5
2021-05-03 17:32:57,532:INFO:sklearn==0.23.2
2021-05-03 17:32:57,532:INFO:lightgbm==3.2.1
2021-05-03 17:32:57,536:WARNING:catboost not found
2021-05-03 17:32:57,541:WARNING:xgboost not found
2021-05-03 17:33:00,751:INFO:mlflow==1.16.0
2021-05-03 17:33:00,753:INFO:Checking Exceptions
2021-05-03 17:33:00,754:INFO:Declaring global variables
2021-05-03 17:33:00,754:INFO:USI: 7e9c
2021-05-03 17:33:00,755:INFO:pycaret_globals: {'fix_imbalance_method_param', 'seed', 'experiment__', 'iterative_imputation_iters_param', 'pycaret_globals', '_available_plots', '_gpu_n_jobs_param', 'imputation_regressor', 'display_container', 'stratify_param', 'transform_target_param', 'gpu_param', 'html_param', 'create_model_container', 'data_before_preprocess', 'fold_param', 'USI', 'transform_target_method_param', '_ml_usecase', 'fix_imbalance_param', 'logging_param', '_all_models', 'X', '_all_models_internal', 'n_jobs_param', 'prep_pipe', 'exp_name_log', 'imputation_classifier', 'fold_groups_param', 'fold_groups_param_full', '_all_metrics', '_internal_pipeline', 'log_plots_param', 'master_model_container', 'target_param', 'fold_shuffle_param', 'fold_generator'}
2021-05-03 17:33:00,755:INFO:Preparing display monitor
2021-05-03 17:33:00,756:INFO:Preparing display monitor
2021-05-03 17:33:00,864:INFO:Importing libraries
2021-05-03 17:33:00,865:INFO:Copying data for preprocessing
2021-05-03 17:33:00,932:INFO:Declaring preprocessing parameters
2021-05-03 17:33:00,959:INFO:Creating preprocessing pipeline
2021-05-03 17:33:01,186:INFO:Preprocessing pipeline created successfully
2021-05-03 17:33:01,188:ERROR:(Process Exit): setup has been interupted with user command 'quit'. setup must rerun.
2021-05-03 17:33:01,189:INFO:Creating global containers
2021-05-03 17:33:01,219:INFO:Internal pipeline: Pipeline(memory=None, steps=[('empty_step', 'passthrough')], verbose=False)
2021-05-03 17:35:31,859:INFO:Creating grid variables
2021-05-03 17:35:31,949:INFO:create_model_container: 0
2021-05-03 17:35:31,950:INFO:master_model_container: 0
2021-05-03 17:35:31,950:INFO:display_container: 1
2021-05-03 17:35:31,989:INFO:Pipeline(memory=None,
         steps=[('dtypes',
                 DataTypes_Auto_infer(categorical_features=[],
                                      display_types=True,
                                      features_todrop=['MouseID'],
                                      id_columns=[], ml_usecase='regression',
                                      numerical_features=[],
                                      target='UNSUPERVISED_DUMMY_TARGET',
                                      time_features=[])),
                ('imputer',
                 Simple_Imputer(categorical_strategy='most frequent',
                                fill_value_categorical=None,
                                fill_value_numer...
                ('P_transform', 'passthrough'), ('binn', 'passthrough'),
                ('rem_outliers', 'passthrough'), ('cluster_all', 'passthrough'),
                ('dummy', Dummify(target='UNSUPERVISED_DUMMY_TARGET')),
                ('fix_perfect', 'passthrough'),
                ('clean_names', Clean_Colum_Names()),
                ('feature_select', 'passthrough'), ('fix_multi', 'passthrough'),
                ('dfs', 'passthrough'), ('pca', 'passthrough')],
         verbose=False)
2021-05-03 17:35:31,989:INFO:setup() succesfully completed......................................
2021-05-03 17:35:41,486:INFO:PyCaret Supervised Module
2021-05-03 17:35:41,487:INFO:ML Usecase: anomaly
2021-05-03 17:35:41,487:INFO:version 2.3.1
2021-05-03 17:35:41,488:INFO:Initializing setup()
2021-05-03 17:35:41,488:INFO:setup(target=None, ml_usecase=anomaly, available_plots={'tsne': 'Anomaly TSnE (3d)', 'umap': 'UMAP Dimensionality'}, train_size=0.7, test_data=None, preprocess=True, imputation_type=simple, iterative_imputation_iters=5, categorical_features=None, categorical_imputation=mode, categorical_iterative_imputer=lightgbm, ordinal_features=None, high_cardinality_features=None, high_cardinality_method=frequency, numeric_features=None, numeric_imputation=mean, numeric_iterative_imputer=lightgbm, date_features=None, ignore_features=['MouseID'], normalize=True, normalize_method=zscore, transformation=False, transformation_method=yeo-johnson, handle_unknown_categorical=True, unknown_categorical_method=least_frequent, pca=False, pca_method=linear, pca_components=None, ignore_low_variance=False, combine_rare_levels=False, rare_level_threshold=0.1, bin_numeric_features=None, remove_outliers=False, outliers_threshold=0.05, remove_multicollinearity=False, multicollinearity_threshold=0.9, remove_perfect_collinearity=False, create_clusters=False, cluster_iter=20, polynomial_features=False, polynomial_degree=2, trigonometry_features=False, polynomial_threshold=0.1, group_features=None, group_names=None, feature_selection=False, feature_selection_threshold=0.8, feature_selection_method=classic, feature_interaction=False, feature_ratio=False, interaction_threshold=0.01, fix_imbalance=False, fix_imbalance_method=None, transform_target=False, transform_target_method=box-cox, data_split_shuffle=False, data_split_stratify=False, fold_strategy=kfold, fold=10, fold_shuffle=False, fold_groups=None, n_jobs=-1, use_gpu=False, custom_pipeline=None, html=True, session_id=123, log_experiment=False, experiment_name=None, log_plots=False, log_profile=False, log_data=False, silent=False, verbose=True, profile=False, profile_kwargs=None, display=None)
2021-05-03 17:35:41,489:INFO:Checking environment
2021-05-03 17:35:41,490:INFO:python_version: 3.8.5
2021-05-03 17:35:41,490:INFO:python_build: ('default', 'Sep  3 2020 21:29:08')
2021-05-03 17:35:41,491:INFO:machine: AMD64
2021-05-03 17:35:41,491:INFO:platform: Windows-10-10.0.19041-SP0
2021-05-03 17:35:41,491:INFO:Memory: svmem(total=17014743040, available=8091684864, percent=52.4, used=8923058176, free=8091684864)
2021-05-03 17:35:41,493:INFO:Physical Core: 4
2021-05-03 17:35:41,493:INFO:Logical Core: 8
2021-05-03 17:35:41,494:INFO:Checking libraries
2021-05-03 17:35:41,494:INFO:pd==1.1.3
2021-05-03 17:35:41,495:INFO:numpy==1.19.5
2021-05-03 17:35:41,495:INFO:sklearn==0.23.2
2021-05-03 17:35:41,495:INFO:lightgbm==3.2.1
2021-05-03 17:35:41,499:WARNING:catboost not found
2021-05-03 17:35:41,507:WARNING:xgboost not found
2021-05-03 17:35:41,507:INFO:mlflow==1.16.0
2021-05-03 17:35:41,508:INFO:Checking Exceptions
2021-05-03 17:35:41,509:INFO:Declaring global variables
2021-05-03 17:35:41,509:INFO:USI: 62bc
2021-05-03 17:35:41,509:INFO:pycaret_globals: {'fix_imbalance_method_param', 'seed', 'experiment__', 'iterative_imputation_iters_param', 'pycaret_globals', '_available_plots', '_gpu_n_jobs_param', 'imputation_regressor', 'display_container', 'stratify_param', 'transform_target_param', 'gpu_param', 'html_param', 'create_model_container', 'data_before_preprocess', 'fold_param', 'USI', 'transform_target_method_param', '_ml_usecase', 'fix_imbalance_param', 'logging_param', '_all_models', 'X', '_all_models_internal', 'n_jobs_param', 'prep_pipe', 'exp_name_log', 'imputation_classifier', 'fold_groups_param', 'fold_groups_param_full', '_all_metrics', '_internal_pipeline', 'log_plots_param', 'master_model_container', 'target_param', 'fold_shuffle_param', 'fold_generator'}
2021-05-03 17:35:41,510:INFO:Preparing display monitor
2021-05-03 17:35:41,510:INFO:Preparing display monitor
2021-05-03 17:35:41,565:INFO:Importing libraries
2021-05-03 17:35:41,565:INFO:Copying data for preprocessing
2021-05-03 17:35:41,612:INFO:Declaring preprocessing parameters
2021-05-03 17:35:41,622:INFO:Creating preprocessing pipeline
2021-05-03 17:35:41,774:INFO:Preprocessing pipeline created successfully
2021-05-03 17:35:41,775:ERROR:(Process Exit): setup has been interupted with user command 'quit'. setup must rerun.
2021-05-03 17:35:41,775:INFO:Creating global containers
2021-05-03 17:35:41,776:INFO:Internal pipeline: Pipeline(memory=None, steps=[('empty_step', 'passthrough')], verbose=False)
2021-05-03 17:35:44,860:INFO:Creating grid variables
2021-05-03 17:35:44,931:INFO:create_model_container: 0
2021-05-03 17:35:44,932:INFO:master_model_container: 0
2021-05-03 17:35:44,932:INFO:display_container: 1
2021-05-03 17:35:44,959:INFO:Pipeline(memory=None,
         steps=[('dtypes',
                 DataTypes_Auto_infer(categorical_features=[],
                                      display_types=True,
                                      features_todrop=['MouseID'],
                                      id_columns=[], ml_usecase='regression',
                                      numerical_features=[],
                                      target='UNSUPERVISED_DUMMY_TARGET',
                                      time_features=[])),
                ('imputer',
                 Simple_Imputer(categorical_strategy='most frequent',
                                fill_value_categorical=None,
                                fill_value_numer...
                ('P_transform', 'passthrough'), ('binn', 'passthrough'),
                ('rem_outliers', 'passthrough'), ('cluster_all', 'passthrough'),
                ('dummy', Dummify(target='UNSUPERVISED_DUMMY_TARGET')),
                ('fix_perfect', 'passthrough'),
                ('clean_names', Clean_Colum_Names()),
                ('feature_select', 'passthrough'), ('fix_multi', 'passthrough'),
                ('dfs', 'passthrough'), ('pca', 'passthrough')],
         verbose=False)
2021-05-03 17:35:44,960:INFO:setup() succesfully completed......................................
2021-05-03 17:36:10,689:INFO:Initializing create_model()
2021-05-03 17:36:10,690:INFO:create_model(estimator=iforest, num_clusters=4, fraction=0.05, ground_truth=None, round=4, fit_kwargs=None, verbose=True, system=True, raise_num_clusters=False, display=None, kwargs={})
2021-05-03 17:36:10,691:INFO:Checking exceptions
2021-05-03 17:36:10,692:INFO:Preparing display monitor
2021-05-03 17:36:10,770:INFO:Importing libraries
2021-05-03 17:36:10,820:INFO:Importing untrained model
2021-05-03 17:36:10,879:INFO:Isolation Forest Imported succesfully
2021-05-03 17:36:10,940:INFO:Fitting Model
2021-05-03 17:36:13,783:INFO:IForest(behaviour='new', bootstrap=False, contamination=0.05,
    max_features=1.0, max_samples='auto', n_estimators=100, n_jobs=-1,
    random_state=123, verbose=0)
2021-05-03 17:36:13,784:INFO:create_models() succesfully completed......................................
2021-05-03 17:36:13,788:INFO:Uploading results into container
2021-05-03 17:36:13,791:INFO:Uploading model into container now
2021-05-03 17:36:13,795:INFO:create_model_container: 1
2021-05-03 17:36:13,795:INFO:master_model_container: 1
2021-05-03 17:36:13,796:INFO:display_container: 2
2021-05-03 17:36:13,798:INFO:IForest(behaviour='new', bootstrap=False, contamination=0.05,
    max_features=1.0, max_samples='auto', n_estimators=100, n_jobs=-1,
    random_state=123, verbose=0)
2021-05-03 17:36:13,798:INFO:create_model() succesfully completed......................................
2021-05-03 17:36:43,590:INFO:Initializing create_model()
2021-05-03 17:36:43,591:INFO:create_model(estimator=svm, num_clusters=4, fraction=0.025, ground_truth=None, round=4, fit_kwargs=None, verbose=True, system=True, raise_num_clusters=False, display=None, kwargs={})
2021-05-03 17:36:43,592:INFO:Checking exceptions
2021-05-03 17:36:43,593:INFO:Preparing display monitor
2021-05-03 17:36:43,670:INFO:Importing libraries
2021-05-03 17:36:43,717:INFO:Importing untrained model
2021-05-03 17:36:43,769:INFO:One-class SVM detector Imported succesfully
2021-05-03 17:36:43,822:INFO:Fitting Model
2021-05-03 17:36:44,606:INFO:OCSVM(cache_size=200, coef0=0.0, contamination=0.025, degree=3, gamma='auto',
   kernel='rbf', max_iter=-1, nu=0.5, shrinking=True, tol=0.001,
   verbose=False)
2021-05-03 17:36:44,609:INFO:create_models() succesfully completed......................................
2021-05-03 17:36:44,613:INFO:Uploading results into container
2021-05-03 17:36:44,616:INFO:Uploading model into container now
2021-05-03 17:36:44,622:INFO:create_model_container: 2
2021-05-03 17:36:44,623:INFO:master_model_container: 2
2021-05-03 17:36:44,624:INFO:display_container: 3
2021-05-03 17:36:44,626:INFO:OCSVM(cache_size=200, coef0=0.0, contamination=0.025, degree=3, gamma='auto',
   kernel='rbf', max_iter=-1, nu=0.5, shrinking=True, tol=0.001,
   verbose=False)
2021-05-03 17:36:44,626:INFO:create_model() succesfully completed......................................
2021-05-03 17:37:14,017:INFO:gpu_param set to False
2021-05-03 17:37:33,505:INFO:Initializing assign_model()
2021-05-03 17:37:33,506:INFO:assign_model(model=IForest(behaviour='new', bootstrap=False, contamination=0.05,
    max_features=1.0, max_samples='auto', n_estimators=100, n_jobs=-1,
    random_state=123, verbose=0), transformation=False, score=True, verbose=True)
2021-05-03 17:37:33,506:INFO:Checking exceptions
2021-05-03 17:37:33,507:INFO:Determining Trained Model
2021-05-03 17:37:33,509:INFO:Trained Model : Isolation Forest
2021-05-03 17:37:33,510:INFO:Copying data
2021-05-03 17:37:33,516:INFO:(1026, 84)
2021-05-03 17:37:33,517:INFO:assign_model() succesfully completed......................................
2021-05-03 17:37:51,771:INFO:Initializing plot_model()
2021-05-03 17:37:51,772:INFO:plot_model(plot=tsne, fold=None, use_train_data=False, verbose=True, is_in_evaluate=False, display=None, display_format=None, estimator=IForest(behaviour='new', bootstrap=False, contamination=0.05,
    max_features=1.0, max_samples='auto', n_estimators=100, n_jobs=-1,
    random_state=123, verbose=0), feature_name=None, fit_kwargs=None, groups=None, label=False, save=False, scale=1, system=True)
2021-05-03 17:37:51,773:INFO:Checking exceptions
2021-05-03 17:37:51,775:INFO:Preparing display monitor
2021-05-03 17:37:51,824:INFO:Preloading libraries
2021-05-03 17:37:51,891:INFO:Copying training dataset
2021-05-03 17:37:51,893:INFO:Plot type: tsne
2021-05-03 17:37:52,680:INFO:SubProcess assign_model() called ==================================
2021-05-03 17:37:52,681:INFO:Initializing assign_model()
2021-05-03 17:37:52,682:INFO:assign_model(model=IForest(behaviour='new', bootstrap=False, contamination=0.05,
    max_features=1.0, max_samples='auto', n_estimators=100, n_jobs=-1,
    random_state=123, verbose=0), transformation=True, score=False, verbose=False)
2021-05-03 17:37:52,682:INFO:Checking exceptions
2021-05-03 17:37:52,682:INFO:Determining Trained Model
2021-05-03 17:37:52,685:INFO:Trained Model : Isolation Forest
2021-05-03 17:37:52,685:INFO:Copying data
2021-05-03 17:37:52,686:INFO:Transformation param set to True. Assigned clusters are attached on transformed dataset.
2021-05-03 17:37:52,688:INFO:(1026, 92)
2021-05-03 17:37:52,688:INFO:assign_model() succesfully completed......................................
2021-05-03 17:37:52,689:INFO:SubProcess assign_model() end ==================================
2021-05-03 17:37:52,716:INFO:Getting dummies to cast categorical variables
2021-05-03 17:37:52,716:INFO:Fitting TSNE()
2021-05-03 17:38:55,885:INFO:Rendering Visual
2021-05-03 17:39:01,638:INFO:Visual Rendered Successfully
2021-05-03 17:39:01,899:INFO:plot_model() succesfully completed......................................
2021-05-03 17:51:36,283:INFO:Initializing plot_model()
2021-05-03 17:51:36,283:INFO:plot_model(plot=umap, fold=None, use_train_data=False, verbose=True, is_in_evaluate=False, display=None, display_format=None, estimator=IForest(behaviour='new', bootstrap=False, contamination=0.05,
    max_features=1.0, max_samples='auto', n_estimators=100, n_jobs=-1,
    random_state=123, verbose=0), feature_name=None, fit_kwargs=None, groups=None, label=False, save=False, scale=1, system=True)
2021-05-03 17:51:36,283:INFO:Checking exceptions
2021-05-03 17:51:36,283:INFO:Preparing display monitor
2021-05-03 17:51:36,291:INFO:Preloading libraries
2021-05-03 17:51:36,303:INFO:Copying training dataset
2021-05-03 17:51:36,304:INFO:Plot type: umap
2021-05-03 17:51:36,352:INFO:SubProcess assign_model() called ==================================
2021-05-03 17:51:36,352:INFO:Initializing assign_model()
2021-05-03 17:51:36,352:INFO:assign_model(model=IForest(behaviour='new', bootstrap=False, contamination=0.05,
    max_features=1.0, max_samples='auto', n_estimators=100, n_jobs=-1,
    random_state=123, verbose=0), transformation=True, score=False, verbose=False)
2021-05-03 17:51:36,353:INFO:Checking exceptions
2021-05-03 17:51:36,353:INFO:Determining Trained Model
2021-05-03 17:51:36,353:INFO:Trained Model : Isolation Forest
2021-05-03 17:51:36,353:INFO:Copying data
2021-05-03 17:51:36,353:INFO:Transformation param set to True. Assigned clusters are attached on transformed dataset.
2021-05-03 17:51:36,354:INFO:(1026, 92)
2021-05-03 17:51:36,354:INFO:assign_model() succesfully completed......................................
2021-05-03 17:51:36,355:INFO:SubProcess assign_model() end ==================================
2021-05-03 17:51:48,816:INFO:Fitting UMAP()
2021-05-03 17:51:57,268:INFO:Rendering Visual
2021-05-03 17:51:57,584:INFO:Visual Rendered Successfully
2021-05-03 17:51:57,728:INFO:plot_model() succesfully completed......................................
2021-05-03 17:52:19,375:INFO:Initializing predict_model()
2021-05-03 17:52:19,376:INFO:predict_model(estimator=IForest(behaviour='new', bootstrap=False, contamination=0.05,
    max_features=1.0, max_samples='auto', n_estimators=100, n_jobs=-1,
    random_state=123, verbose=0), ml_usecase=MLUsecase.ANOMALY)
2021-05-03 17:52:42,621:INFO:Initializing predict_model()
2021-05-03 17:52:42,621:INFO:predict_model(estimator=IForest(behaviour='new', bootstrap=False, contamination=0.05,
    max_features=1.0, max_samples='auto', n_estimators=100, n_jobs=-1,
    random_state=123, verbose=0), ml_usecase=MLUsecase.ANOMALY)
2021-05-03 17:53:06,656:INFO:Initializing save_model()
2021-05-03 17:53:06,656:INFO:save_model(model=IForest(behaviour='new', bootstrap=False, contamination=0.05,
    max_features=1.0, max_samples='auto', n_estimators=100, n_jobs=-1,
    random_state=123, verbose=0), model_name=Final IForest Model 25Nov2020, prep_pipe_=Pipeline(memory=None,
         steps=[('dtypes',
                 DataTypes_Auto_infer(categorical_features=[],
                                      display_types=True,
                                      features_todrop=['MouseID'],
                                      id_columns=[], ml_usecase='regression',
                                      numerical_features=[],
                                      target='UNSUPERVISED_DUMMY_TARGET',
                                      time_features=[])),
                ('imputer',
                 Simple_Imputer(categorical_strategy='most frequent',
                                fill_value_categorical=None,
                                fill_value_numer...
                ('P_transform', 'passthrough'), ('binn', 'passthrough'),
                ('rem_outliers', 'passthrough'), ('cluster_all', 'passthrough'),
                ('dummy', Dummify(target='UNSUPERVISED_DUMMY_TARGET')),
                ('fix_perfect', 'passthrough'),
                ('clean_names', Clean_Colum_Names()),
                ('feature_select', 'passthrough'), ('fix_multi', 'passthrough'),
                ('dfs', 'passthrough'), ('pca', 'passthrough')],
         verbose=False), verbose=True, kwargs={})
2021-05-03 17:53:06,657:INFO:Adding model into prep_pipe
2021-05-03 17:53:06,718:INFO:Final IForest Model 25Nov2020.pkl saved in current working directory
2021-05-03 17:53:06,726:INFO:Pipeline(memory=None,
         steps=[('dtypes',
                 DataTypes_Auto_infer(categorical_features=[],
                                      display_types=True,
                                      features_todrop=['MouseID'],
                                      id_columns=[], ml_usecase='regression',
                                      numerical_features=[],
                                      target='UNSUPERVISED_DUMMY_TARGET',
                                      time_features=[])),
                ('imputer',
                 Simple_Imputer(categorical_strategy='most frequent',
                                fill_value_categorical=None,
                                fill_value_numer...
                ('fix_perfect', 'passthrough'),
                ('clean_names', Clean_Colum_Names()),
                ('feature_select', 'passthrough'), ('fix_multi', 'passthrough'),
                ('dfs', 'passthrough'), ('pca', 'passthrough'),
                ['trained_model',
                 IForest(behaviour='new', bootstrap=False, contamination=0.05,
    max_features=1.0, max_samples='auto', n_estimators=100, n_jobs=-1,
    random_state=123, verbose=0)]],
         verbose=False)
2021-05-03 17:53:06,726:INFO:save_model() succesfully completed......................................
2021-05-03 17:53:30,962:INFO:Initializing load_model()
2021-05-03 17:53:30,962:INFO:load_model(model_name=Final IForest Model 25Nov2020, platform=None, authentication=None, verbose=True)
2021-05-03 17:53:49,353:INFO:Initializing predict_model()
2021-05-03 17:53:49,353:INFO:predict_model(estimator=Pipeline(memory=None,
         steps=[('dtypes',
                 DataTypes_Auto_infer(categorical_features=[],
                                      display_types=True,
                                      features_todrop=['MouseID'],
                                      id_columns=[], ml_usecase='regression',
                                      numerical_features=[],
                                      target='UNSUPERVISED_DUMMY_TARGET',
                                      time_features=[])),
                ('imputer',
                 Simple_Imputer(categorical_strategy='most frequent',
                                fill_value_categorical=None,
                                fill_value_numer...
                ('fix_perfect', 'passthrough'),
                ('clean_names', Clean_Colum_Names()),
                ('feature_select', 'passthrough'), ('fix_multi', 'passthrough'),
                ('dfs', 'passthrough'), ('pca', 'passthrough'),
                ['trained_model',
                 IForest(behaviour='new', bootstrap=False, contamination=0.05,
    max_features=1.0, max_samples='auto', n_estimators=100, n_jobs=-1,
    random_state=123, verbose=0)]],
         verbose=False), ml_usecase=MLUsecase.ANOMALY)
